This is pdfTeX, Version 3.14159265-2.6-1.40.20 (MiKTeX 2.9.7140 64-bit) (preloaded format=pdflatex 2020.4.14)  13 MAR 2021 01:40
entering extended mode
**./tm_report.tex
(tm_report.tex
LaTeX2e <2020-02-02> patch level 5
L3 programming layer <2020-03-06>
("C:\Users\Bayu\AppData\Local\Programs\MiKTeX 2.9\tex/latex/koma-script\scrartc
l.cls"
Document Class: scrartcl 2020/09/21 v3.32 KOMA-Script document class (article)

("C:\Users\Bayu\AppData\Local\Programs\MiKTeX 2.9\tex/latex/koma-script\scrkbas
e.sty"
Package: scrkbase 2020/09/21 v3.32 KOMA-Script package (KOMA-Script-dependent b
asics and keyval usage)

("C:\Users\Bayu\AppData\Local\Programs\MiKTeX 2.9\tex/latex/koma-script\scrbase
.sty"
Package: scrbase 2020/09/21 v3.32 KOMA-Script package (KOMA-Script-independent 
basics and keyval usage)

("C:\Users\Bayu\AppData\Local\Programs\MiKTeX 2.9\tex/latex/koma-script\scrlfil
e.sty"
Package: scrlfile 2020/09/21 v3.32 KOMA-Script package (file load hooks)

("C:\Users\Bayu\AppData\Local\Programs\MiKTeX 2.9\tex/latex/koma-script\scrlfil
e-patcholdlatex.sty"
Package: scrlfile-patcholdlatex 2020/09/21 v3.32 KOMA-Script package (patching 
old LaTeX kernels)

("C:\Users\Bayu\AppData\Local\Programs\MiKTeX 2.9\tex/latex/koma-script\scrlogo
.sty"
Package: scrlogo 2020/09/21 v3.32 KOMA-Script package (logo)
))
("C:\Users\Bayu\AppData\Local\Programs\MiKTeX 2.9\tex/latex/l3packages/xparse\x
parse.sty"
("C:\Users\Bayu\AppData\Local\Programs\MiKTeX 2.9\tex/latex/l3kernel\expl3.sty"
Package: expl3 2020-03-06 L3 programming layer (loader) 

("C:\Users\Bayu\AppData\Local\Programs\MiKTeX 2.9\tex/latex/l3backend\l3backend
-pdfmode.def"
File: l3backend-pdfmode.def 2020-03-12 L3 backend support: PDF mode
\l__kernel_color_stack_int=\count167
\l__pdf_internal_box=\box45
))
Package: xparse 2020-03-06 L3 Experimental document command parser
\l__xparse_current_arg_int=\count168
\g__xparse_grabber_int=\count169
\l__xparse_m_args_int=\count170
\l__xparse_v_nesting_int=\count171
))
("C:\Users\Bayu\AppData\Local\Programs\MiKTeX 2.9\tex/latex/graphics\keyval.sty
"
Package: keyval 2014/10/28 v1.15 key=value parser (DPC)
\KV@toks@=\toks15
)))
("C:\Users\Bayu\AppData\Local\Programs\MiKTeX 2.9\tex/latex/koma-script\tocbasi
c.sty"
Package: tocbasic 2020/09/21 v3.32 KOMA-Script package (handling toc-files)
\scr@dte@tocline@numberwidth=\skip47
\scr@dte@tocline@numbox=\box46
)
Package tocbasic Info: omitting babel extension for `toc'
(tocbasic)             because of feature `nobabel' available
(tocbasic)             for `toc' on input line 135.
Class scrartcl Info: File `scrsize11pt.clo' used instead of
(scrartcl)           file `scrsize11.clo' to setup font sizes on input line 222
2.

("C:\Users\Bayu\AppData\Local\Programs\MiKTeX 2.9\tex/latex/koma-script\scrsize
11pt.clo"
File: scrsize11pt.clo 2020/09/21 v3.32 KOMA-Script font size class option (11pt
)
)
("C:\Users\Bayu\AppData\Local\Programs\MiKTeX 2.9\tex/latex/koma-script\typeare
a.sty"
Package: typearea 2020/09/21 v3.32 KOMA-Script package (type area)
\ta@bcor=\skip48
\ta@div=\count172
\ta@hblk=\skip49
\ta@vblk=\skip50
\ta@temp=\skip51
\footheight=\skip52
Package typearea Info: These are the values describing the layout:
(typearea)             DIV  = 10
(typearea)             BCOR = 0.0pt
(typearea)             \paperwidth      = 597.50793pt
(typearea)              \textwidth      = 418.25555pt
(typearea)              DIV departure   = -6%
(typearea)              \evensidemargin = 17.3562pt
(typearea)              \oddsidemargin  = 17.3562pt
(typearea)             \paperheight     = 845.04694pt
(typearea)              \textheight     = 595.80026pt
(typearea)              \topmargin      = -25.16531pt
(typearea)              \headheight     = 17.0pt
(typearea)              \headsep        = 20.40001pt
(typearea)              \topskip        = 11.0pt
(typearea)              \footskip       = 47.6pt
(typearea)              \baselineskip   = 13.6pt
(typearea)              on input line 1740.
)
\c@part=\count173
\c@section=\count174
\c@subsection=\count175
\c@subsubsection=\count176
\c@paragraph=\count177
\c@subparagraph=\count178
\scr@dte@section@maxnumwidth=\skip53
Class scrartcl Info: using compatibility default `runin=bysign'
(scrartcl)           for `\section on input line 4795.
Class scrartcl Info: using compatibility default `afterindent=bysign'
(scrartcl)           for `\section on input line 4795.
\scr@dte@part@maxnumwidth=\skip54
Class scrartcl Info: using compatibility default `afterindent=false'
(scrartcl)           for `\part on input line 4803.
\scr@dte@subsection@maxnumwidth=\skip55
Class scrartcl Info: using compatibility default `runin=bysign'
(scrartcl)           for `\subsection on input line 4813.
Class scrartcl Info: using compatibility default `afterindent=bysign'
(scrartcl)           for `\subsection on input line 4813.
\scr@dte@subsubsection@maxnumwidth=\skip56
Class scrartcl Info: using compatibility default `runin=bysign'
(scrartcl)           for `\subsubsection on input line 4823.
Class scrartcl Info: using compatibility default `afterindent=bysign'
(scrartcl)           for `\subsubsection on input line 4823.
\scr@dte@paragraph@maxnumwidth=\skip57
Class scrartcl Info: using compatibility default `runin=bysign'
(scrartcl)           for `\paragraph on input line 4834.
Class scrartcl Info: using compatibility default `afterindent=bysign'
(scrartcl)           for `\paragraph on input line 4834.
\scr@dte@subparagraph@maxnumwidth=\skip58
Class scrartcl Info: using compatibility default `runin=bysign'
(scrartcl)           for `\subparagraph on input line 4844.
Class scrartcl Info: using compatibility default `afterindent=bysign'
(scrartcl)           for `\subparagraph on input line 4844.
\abovecaptionskip=\skip59
\belowcaptionskip=\skip60
\c@pti@nb@sid@b@x=\box47
Package tocbasic Info: omitting babel extension for `lof'
(tocbasic)             because of feature `nobabel' available
(tocbasic)             for `lof' on input line 6076.
\scr@dte@figure@maxnumwidth=\skip61
\c@figure=\count179
Package tocbasic Info: omitting babel extension for `lot'
(tocbasic)             because of feature `nobabel' available
(tocbasic)             for `lot' on input line 6088.
\scr@dte@table@maxnumwidth=\skip62
\c@table=\count180
Class scrartcl Info: Redefining `\numberline' on input line 6252.
\bibindent=\dimen134
)
("C:\Users\Bayu\AppData\Local\Programs\MiKTeX 2.9\tex/latex/natbib\natbib.sty"
Package: natbib 2010/09/13 8.31b (PWD, AO)
\bibhang=\skip63
\bibsep=\skip64
LaTeX Info: Redefining \cite on input line 694.
\c@NAT@ctr=\count181
) ("C:\Users\Bayu\AppData\Local\Programs\MiKTeX 2.9\tex/latex/amsmath\amsmath.s
ty"
Package: amsmath 2020/01/20 v2.17e AMS math features
\@mathmargin=\skip65

For additional information on amsmath, use the `?' option.
("C:\Users\Bayu\AppData\Local\Programs\MiKTeX 2.9\tex/latex/amsmath\amstext.sty
"
Package: amstext 2000/06/29 v2.01 AMS text
 ("C:\Users\Bayu\AppData\Local\Programs\MiKTeX 2.9\tex/latex/amsmath\amsgen.sty
"
File: amsgen.sty 1999/11/30 v2.0 generic functions
\@emptytoks=\toks16
\ex@=\dimen135
))
("C:\Users\Bayu\AppData\Local\Programs\MiKTeX 2.9\tex/latex/amsmath\amsbsy.sty"
Package: amsbsy 1999/11/29 v1.2d Bold Symbols
\pmbraise@=\dimen136
) ("C:\Users\Bayu\AppData\Local\Programs\MiKTeX 2.9\tex/latex/amsmath\amsopn.st
y"
Package: amsopn 2016/03/08 v2.02 operator names
)
\inf@bad=\count182
LaTeX Info: Redefining \frac on input line 227.
\uproot@=\count183
\leftroot@=\count184
LaTeX Info: Redefining \overline on input line 389.
\classnum@=\count185
\DOTSCASE@=\count186
LaTeX Info: Redefining \ldots on input line 486.
LaTeX Info: Redefining \dots on input line 489.
LaTeX Info: Redefining \cdots on input line 610.
\Mathstrutbox@=\box48
\strutbox@=\box49
\big@size=\dimen137
LaTeX Font Info:    Redeclaring font encoding OML on input line 733.
LaTeX Font Info:    Redeclaring font encoding OMS on input line 734.
\macc@depth=\count187
\c@MaxMatrixCols=\count188
\dotsspace@=\muskip16
\c@parentequation=\count189
\dspbrk@lvl=\count190
\tag@help=\toks17
\row@=\count191
\column@=\count192
\maxfields@=\count193
\andhelp@=\toks18
\eqnshift@=\dimen138
\alignsep@=\dimen139
\tagshift@=\dimen140
\tagwidth@=\dimen141
\totwidth@=\dimen142
\lineht@=\dimen143
\@envbody=\toks19
\multlinegap=\skip66
\multlinetaggap=\skip67
\mathdisplay@stack=\toks20
LaTeX Info: Redefining \[ on input line 2859.
LaTeX Info: Redefining \] on input line 2860.
)
("C:\Users\Bayu\AppData\Local\Programs\MiKTeX 2.9\tex/latex/amsfonts\amsfonts.s
ty"
Package: amsfonts 2013/01/14 v3.01 Basic AMSFonts support
\symAMSa=\mathgroup4
\symAMSb=\mathgroup5
LaTeX Font Info:    Redeclaring math symbol \hbar on input line 98.
LaTeX Font Info:    Overwriting math alphabet `\mathfrak' in version `bold'
(Font)                  U/euf/m/n --> U/euf/b/n on input line 106.
)
("C:\Users\Bayu\AppData\Local\Programs\MiKTeX 2.9\tex/latex/amsfonts\amssymb.st
y"
Package: amssymb 2013/01/14 v3.01 AMS font symbols
) ("C:\Users\Bayu\AppData\Local\Programs\MiKTeX 2.9\tex/latex/bbm\bbm.sty"
Package: bbm 1999/03/15 V 1.2 provides fonts for set symbols - TH
LaTeX Font Info:    Overwriting math alphabet `\mathbbm' in version `bold'
(Font)                  U/bbm/m/n --> U/bbm/bx/n on input line 33.
LaTeX Font Info:    Overwriting math alphabet `\mathbbmss' in version `bold'
(Font)                  U/bbmss/m/n --> U/bbmss/bx/n on input line 35.
)
("C:\Users\Bayu\AppData\Local\Programs\MiKTeX 2.9\tex/latex/graphics\graphicx.s
ty"
Package: graphicx 2019/11/30 v1.2a Enhanced LaTeX Graphics (DPC,SPQR)

("C:\Users\Bayu\AppData\Local\Programs\MiKTeX 2.9\tex/latex/graphics\graphics.s
ty"
Package: graphics 2019/11/30 v1.4a Standard LaTeX Graphics (DPC,SPQR)

("C:\Users\Bayu\AppData\Local\Programs\MiKTeX 2.9\tex/latex/graphics\trig.sty"
Package: trig 2016/01/03 v1.10 sin cos tan (DPC)
)
("C:\Users\Bayu\AppData\Local\Programs\MiKTeX 2.9\tex/latex/graphics-cfg\graphi
cs.cfg"
File: graphics.cfg 2016/06/04 v1.11 sample graphics configuration
)
Package graphics Info: Driver file: pdftex.def on input line 105.

("C:\Users\Bayu\AppData\Local\Programs\MiKTeX 2.9\tex/latex/graphics-def\pdftex
.def"
File: pdftex.def 2018/01/08 v1.0l Graphics/color driver for pdftex
))
\Gin@req@height=\dimen144
\Gin@req@width=\dimen145
)
("C:\Users\Bayu\AppData\Local\Programs\MiKTeX 2.9\tex/latex/hyperref\hyperref.s
ty"
Package: hyperref 2020/01/14 v7.00d Hypertext links for LaTeX
 ("C:\Program Files\MiKTeX 2.9\tex/generic\oberdiek\ltxcmds.sty"
Package: ltxcmds 2016/05/16 v1.23 LaTeX kernel commands for general use (HO)
)
("C:\Users\Bayu\AppData\Local\Programs\MiKTeX 2.9\tex/generic/iftex\iftex.sty"
Package: iftex 2020/03/06 v1.0d TeX engine tests
)
("C:\Users\Bayu\AppData\Local\Programs\MiKTeX 2.9\tex/latex/pdftexcmds\pdftexcm
ds.sty"
Package: pdftexcmds 2019/11/24 v0.31 Utility functions of pdfTeX for LuaTeX (HO
)
 ("C:\Program Files\MiKTeX 2.9\tex/generic\oberdiek\infwarerr.sty"
Package: infwarerr 2016/05/16 v1.4 Providing info/warning/error messages (HO)
)
Package pdftexcmds Info: \pdf@primitive is available.
Package pdftexcmds Info: \pdf@ifprimitive is available.
Package pdftexcmds Info: \pdfdraftmode found.
)
("C:\Program Files\MiKTeX 2.9\tex/generic\oberdiek\kvsetkeys.sty"
Package: kvsetkeys 2016/05/16 v1.17 Key value parser (HO)

("C:\Program Files\MiKTeX 2.9\tex/generic\oberdiek\etexcmds.sty"
Package: etexcmds 2016/05/16 v1.6 Avoid name clashes with e-TeX commands (HO)

("C:\Users\Bayu\AppData\Local\Programs\MiKTeX 2.9\tex/generic/iftex\ifluatex.st
y"
Package: ifluatex 2019/10/25 v1.5 ifluatex legacy package. Use iftex instead.
))) ("C:\Program Files\MiKTeX 2.9\tex/generic\oberdiek\kvdefinekeys.sty"
Package: kvdefinekeys 2016/05/16 v1.4 Define keys (HO)
)
("C:\Program Files\MiKTeX 2.9\tex/generic\oberdiek\pdfescape.sty"
Package: pdfescape 2016/05/16 v1.14 Implements pdfTeX's escape features (HO)
)
("C:\Program Files\MiKTeX 2.9\tex/latex\oberdiek\hycolor.sty"
Package: hycolor 2016/05/16 v1.8 Color options for hyperref/bookmark (HO)

("C:\Program Files\MiKTeX 2.9\tex/latex\oberdiek\xcolor-patch.sty"
Package: xcolor-patch 2016/05/16 xcolor patch

("C:\Users\Bayu\AppData\Local\Programs\MiKTeX 2.9\tex/latex/oberdiek\hopatch.st
y"
Package: hopatch 2016/05/16 v1.3 Wrapper for package hooks (HO)
))) ("C:\Program Files\MiKTeX 2.9\tex/latex\oberdiek\letltxmacro.sty"
Package: letltxmacro 2016/05/16 v1.5 Let assignment for LaTeX macros (HO)
)
("C:\Program Files\MiKTeX 2.9\tex/latex\oberdiek\auxhook.sty"
Package: auxhook 2016/05/16 v1.4 Hooks for auxiliary files (HO)
)
("C:\Program Files\MiKTeX 2.9\tex/latex\oberdiek\kvoptions.sty"
Package: kvoptions 2016/05/16 v3.12 Key value format for package options (HO)
)
\@linkdim=\dimen146
\Hy@linkcounter=\count194
\Hy@pagecounter=\count195

("C:\Users\Bayu\AppData\Local\Programs\MiKTeX 2.9\tex/latex/hyperref\pd1enc.def
"
File: pd1enc.def 2020/01/14 v7.00d Hyperref: PDFDocEncoding definition (HO)
Now handling font encoding PD1 ...
... no UTF-8 mapping file for font encoding PD1
) ("C:\Program Files\MiKTeX 2.9\tex/generic\oberdiek\intcalc.sty"
Package: intcalc 2016/05/16 v1.2 Expandable calculations with integers (HO)
)
\Hy@SavedSpaceFactor=\count196
\pdfmajorversion=\count197

("C:\Program Files\MiKTeX 2.9\tex/latex\00miktex\hyperref.cfg"
File: hyperref.cfg 2002/06/06 v1.2 hyperref configuration of TeXLive
)
Package hyperref Info: Hyper figures OFF on input line 4547.
Package hyperref Info: Link nesting OFF on input line 4552.
Package hyperref Info: Hyper index ON on input line 4555.
Package hyperref Info: Plain pages OFF on input line 4562.
Package hyperref Info: Backreferencing OFF on input line 4567.
Package hyperref Info: Implicit mode ON; LaTeX internals redefined.
Package hyperref Info: Bookmarks ON on input line 4800.
\c@Hy@tempcnt=\count198

("C:\Users\Bayu\AppData\Local\Programs\MiKTeX 2.9\tex/latex/url\url.sty"
\Urlmuskip=\muskip17
Package: url 2013/09/16  ver 3.4  Verb mode for urls, etc.
)
LaTeX Info: Redefining \url on input line 5159.
\XeTeXLinkMargin=\dimen147

("C:\Program Files\MiKTeX 2.9\tex/generic\oberdiek\bitset.sty"
Package: bitset 2016/05/16 v1.2 Handle bit-vector datatype (HO)

("C:\Program Files\MiKTeX 2.9\tex/generic\oberdiek\bigintcalc.sty"
Package: bigintcalc 2016/05/16 v1.4 Expandable calculations on big integers (HO
)
))
\Fld@menulength=\count199
\Field@Width=\dimen148
\Fld@charsize=\dimen149
Package hyperref Info: Hyper figures OFF on input line 6430.
Package hyperref Info: Link nesting OFF on input line 6435.
Package hyperref Info: Hyper index ON on input line 6438.
Package hyperref Info: backreferencing OFF on input line 6445.
Package hyperref Info: Link coloring OFF on input line 6450.
Package hyperref Info: Link coloring with OCG OFF on input line 6455.
Package hyperref Info: PDF/A mode OFF on input line 6460.
LaTeX Info: Redefining \ref on input line 6500.
LaTeX Info: Redefining \pageref on input line 6504.

("C:\Program Files\MiKTeX 2.9\tex/generic\oberdiek\atbegshi.sty"
Package: atbegshi 2016/06/09 v1.18 At begin shipout hook (HO)

("C:\Users\Bayu\AppData\Local\Programs\MiKTeX 2.9\tex/generic/iftex\ifpdf.sty"
Package: ifpdf 2019/10/25 v3.4 ifpdf legacy package. Use iftex instead.
))
\Hy@abspage=\count266
\c@Item=\count267
\c@Hfootnote=\count268
)
Package hyperref Info: Driver (autodetected): hpdftex.

("C:\Users\Bayu\AppData\Local\Programs\MiKTeX 2.9\tex/latex/hyperref\hpdftex.de
f"
File: hpdftex.def 2020/01/14 v7.00d Hyperref driver for pdfTeX
 ("C:\Program Files\MiKTeX 2.9\tex/latex\oberdiek\atveryend.sty"
Package: atveryend 2016/05/16 v1.9 Hooks at the very end of document (HO)
Package atveryend Info: \enddocument detected (standard20110627).
)
\Fld@listcount=\count269
\c@bookmark@seq@number=\count270

("C:\Program Files\MiKTeX 2.9\tex/latex\oberdiek\rerunfilecheck.sty"
Package: rerunfilecheck 2016/05/16 v1.8 Rerun checks for auxiliary files (HO)

("C:\Program Files\MiKTeX 2.9\tex/generic\oberdiek\uniquecounter.sty"
Package: uniquecounter 2016/05/16 v1.3 Provide unlimited unique counter (HO)
)
Package uniquecounter Info: New unique counter `rerunfilecheck' on input line 2
82.
)
\Hy@SectionHShift=\skip68
)
("C:\Users\Bayu\AppData\Local\Programs\MiKTeX 2.9\tex/latex/booktabs\booktabs.s
ty"
Package: booktabs 2020/01/12 v1.61803398 Publication quality tables
\heavyrulewidth=\dimen150
\lightrulewidth=\dimen151
\cmidrulewidth=\dimen152
\belowrulesep=\dimen153
\belowbottomsep=\dimen154
\aboverulesep=\dimen155
\abovetopsep=\dimen156
\cmidrulesep=\dimen157
\cmidrulekern=\dimen158
\defaultaddspace=\dimen159
\@cmidla=\count271
\@cmidlb=\count272
\@aboverulesep=\dimen160
\@belowrulesep=\dimen161
\@thisruleclass=\count273
\@lastruleclass=\count274
\@thisrulewidth=\dimen162
) ("C:\Program Files\MiKTeX 2.9\tex/latex\float\float.sty"
Package: float 2001/11/08 v1.3d Float enhancements (AL)
\c@float@type=\count275
\float@exts=\toks21
\float@box=\box50
\@float@everytoks=\toks22
\@floatcapt=\box51
) (tm_report.aux)
\openout1 = `tm_report.aux'.

LaTeX Font Info:    Checking defaults for OML/cmm/m/it on input line 13.
LaTeX Font Info:    ... okay on input line 13.
LaTeX Font Info:    Checking defaults for OMS/cmsy/m/n on input line 13.
LaTeX Font Info:    ... okay on input line 13.
LaTeX Font Info:    Checking defaults for OT1/cmr/m/n on input line 13.
LaTeX Font Info:    ... okay on input line 13.
LaTeX Font Info:    Checking defaults for T1/cmr/m/n on input line 13.
LaTeX Font Info:    ... okay on input line 13.
LaTeX Font Info:    Checking defaults for TS1/cmr/m/n on input line 13.
LaTeX Font Info:    ... okay on input line 13.
LaTeX Font Info:    Checking defaults for OMX/cmex/m/n on input line 13.
LaTeX Font Info:    ... okay on input line 13.
LaTeX Font Info:    Checking defaults for U/cmr/m/n on input line 13.
LaTeX Font Info:    ... okay on input line 13.
LaTeX Font Info:    Checking defaults for PD1/pdf/m/n on input line 13.
LaTeX Font Info:    ... okay on input line 13.
Package scrbase Info: activating english \contentsname on input line 13.
Package scrbase Info: activating english \listfigurename on input line 13.
Package scrbase Info: activating english \listtablename on input line 13.

("C:\Users\Bayu\AppData\Local\Programs\MiKTeX 2.9\tex/context/base/mkii\supp-pd
f.mkii"
[Loading MPS to PDF converter (version 2006.09.02).]
\scratchcounter=\count276
\scratchdimen=\dimen163
\scratchbox=\box52
\nofMPsegments=\count277
\nofMParguments=\count278
\everyMPshowfont=\toks23
\MPscratchCnt=\count279
\MPscratchDim=\dimen164
\MPnumerator=\count280
\makeMPintoPDFobject=\count281
\everyMPtoPDFconversion=\toks24
)
("C:\Users\Bayu\AppData\Local\Programs\MiKTeX 2.9\tex/latex/epstopdf-pkg\epstop
df-base.sty"
Package: epstopdf-base 2020-01-24 v2.11 Base part for package epstopdf
Package epstopdf-base Info: Redefining graphics rule for `.eps' on input line 4
85.
)
\AtBeginShipoutBox=\box53
Package hyperref Info: Link coloring OFF on input line 13.

("C:\Users\Bayu\AppData\Local\Programs\MiKTeX 2.9\tex/latex/hyperref\nameref.st
y"
Package: nameref 2019/09/16 v2.46 Cross-referencing by name of section
 ("C:\Program Files\MiKTeX 2.9\tex/latex\oberdiek\refcount.sty"
Package: refcount 2016/05/16 v3.5 Data extraction from label references (HO)
)
("C:\Program Files\MiKTeX 2.9\tex/generic\oberdiek\gettitlestring.sty"
Package: gettitlestring 2016/05/16 v1.5 Cleanup title references (HO)
)
\c@section@level=\count282
)
LaTeX Info: Redefining \ref on input line 13.
LaTeX Info: Redefining \pageref on input line 13.
LaTeX Info: Redefining \nameref on input line 13.

(tm_report.out) (tm_report.out)
\@outlinefile=\write3
\openout3 = `tm_report.out'.

Class scrartcl Info: loading recommended package `bookmark'.
(scrartcl)           Using `bookmark' together with `hyperref' is recommended,
(scrartcl)           because of handling of possible bookmark level gaps.
(scrartcl)           You can avoid loading `bookmark' with KOMA-Script option
(scrartcl)           `bookmarkpackage=false' before \begin{document} and
(scrartcl)           you can avoid this message adding:
(scrartcl)             \usepackage{bookmark}
(scrartcl)           before \begin{document} on input line 13.

("C:\Program Files\MiKTeX 2.9\tex/latex\oberdiek\bookmark.sty"
Package: bookmark 2019/06/04 v1.27 PDF bookmarks (HO)

("C:\Users\Bayu\AppData\Local\Programs\MiKTeX 2.9\tex/generic/iftex\ifxetex.sty
"
Package: ifxetex 2019/10/25 v0.7 ifxetex legacy package. Use iftex instead.
)
("C:\Users\Bayu\AppData\Local\Programs\MiKTeX 2.9\tex/generic/iftex\ifvtex.sty"
Package: ifvtex 2019/10/25 v1.7 ifvtex legacy package. Use iftex instead.
) ("C:\Program Files\MiKTeX 2.9\tex/latex\oberdiek\bkm-pdftex.def"
File: bkm-pdftex.def 2019/06/04 v1.27 bookmark driver for pdfTeX (HO)
Package auxhook Info: \AddLineBeginMainAux comes a little late,
(auxhook)             because the main .aux file is already opened on input lin
e 164.
\BKM@id=\count283
)) [1

{C:/Users/Bayu/AppData/Local/MiKTeX/2.9/pdftex/config/pdftex.map}] [2]
LaTeX Font Info:    Trying to load font information for U+msa on input line 46.


("C:\Users\Bayu\AppData\Local\Programs\MiKTeX 2.9\tex/latex/amsfonts\umsa.fd"
File: umsa.fd 2013/01/14 v3.01 AMS symbols A
)
LaTeX Font Info:    Trying to load font information for U+msb on input line 46.


("C:\Users\Bayu\AppData\Local\Programs\MiKTeX 2.9\tex/latex/amsfonts\umsb.fd"
File: umsb.fd 2013/01/14 v3.01 AMS symbols B
)
<td_matrix.png, id=30, 385.44pt x 67.452pt>
File: td_matrix.png Graphic file (type png)
<use td_matrix.png>
Package pdftex.def Info: td_matrix.png  used on input line 61.
(pdftex.def)             Requested size: 385.43906pt x 67.45183pt.

[3] [4pdfTeX warning (ext4): destination with the same identifier (name{figure.
1}) has been already used, duplicate ignored

\AtBegShi@Output ...ipout \box \AtBeginShipoutBox 
                                                  \fi \fi 
l.98 
      <./td_matrix.png>] [5] [6] [7pdfTeX warning (ext4): destination with the 
same identifier (name{table.1}) has been already used, duplicate ignored

\AtBegShi@Output ...ipout \box \AtBeginShipoutBox 
                                                  \fi \fi 
l.208 
      ] [8]
Overfull \hbox (90.02531pt too wide) in paragraph at lines 227--228
\OT1/cmr/m/n/10.95 vec-tor-iza-tion meth-ods ex-cept in bag-of-words method (\O
T1/cmtt/m/n/10.95 CountVectorizer\OT1/cmr/m/n/10.95 ). Both \OT1/cmtt/m/n/10.95
 MeanSentenceVectorizer
 []


Overfull \hbox (34.73831pt too wide) in paragraph at lines 247--248
\OT1/cmr/m/n/10.95 come in as no sur-prise since the bag-of-word meth-ods (\OT1
/cmtt/m/n/10.95 CountVectorizer \OT1/cmr/m/n/10.95 and \OT1/cmtt/m/n/10.95 Tfid
fVectorizer\OT1/cmr/m/n/10.95 )
 []

[9pdfTeX warning (ext4): destination with the same identifier (name{table.2}) h
as been already used, duplicate ignored

\AtBegShi@Output ...ipout \box \AtBeginShipoutBox 
                                                  \fi \fi 
l.257 
      ] [10] (tm_report.bbl
Underfull \hbox (badness 10000) in paragraph at lines 9--16
\OT1/cmr/m/n/10.95 URL []$\OT1/cmtt/m/n/10.95 http : / / www . amazon . com / S
peech-[]Language-[]Processing-[]2nd-[]Edition / dp /
 []

[11])
Package atveryend Info: Empty hook `BeforeClearDocument' on input line 269.
 [12]
Package atveryend Info: Empty hook `AfterLastShipout' on input line 269.
 (tm_report.aux)
Package atveryend Info: Executing hook `AtVeryEndDocument' on input line 269.
Package atveryend Info: Executing hook `AtEndAfterFileList' on input line 269.
Package rerunfilecheck Info: File `tm_report.out' has not changed.
(rerunfilecheck)             Checksum: D41D8CD98F00B204E9800998ECF8427E;0.
Package atveryend Info: Empty hook `AtVeryVeryEnd' on input line 269.
 ) 
Here is how much of TeX's memory you used:
 10355 strings out of 480903
 183003 string characters out of 2899173
 562875 words of memory out of 3000000
 26006 multiletter control sequences out of 15000+200000
 542668 words of font info for 61 fonts, out of 3000000 for 9000
 1141 hyphenation exceptions out of 8191
 68i,19n,62p,10625b,463s stack positions out of 5000i,500n,10000p,200000b,50000s
<C:/Users/Bayu/AppData/Local/Programs/MiKTeX 2.9/fonts/type1/public/amsfonts/
cm/cmbx10.pfb><C:/Users/Bayu/AppData/Local/Programs/MiKTeX 2.9/fonts/type1/publ
ic/amsfonts/cm/cmbx12.pfb><C:/Users/Bayu/AppData/Local/Programs/MiKTeX 2.9/font
s/type1/public/amsfonts/cm/cmex10.pfb><C:/Users/Bayu/AppData/Local/Programs/MiK
TeX 2.9/fonts/type1/public/amsfonts/cm/cmmi10.pfb><C:/Users/Bayu/AppData/Local/
Programs/MiKTeX 2.9/fonts/type1/public/amsfonts/cm/cmmi8.pfb><C:/Users/Bayu/App
Data/Local/Programs/MiKTeX 2.9/fonts/type1/public/amsfonts/cm/cmmib10.pfb><C:/U
sers/Bayu/AppData/Local/Programs/MiKTeX 2.9/fonts/type1/public/amsfonts/cm/cmr1
0.pfb><C:/Users/Bayu/AppData/Local/Programs/MiKTeX 2.9/fonts/type1/public/amsfo
nts/cm/cmr12.pfb><C:/Users/Bayu/AppData/Local/Programs/MiKTeX 2.9/fonts/type1/p
ublic/amsfonts/cm/cmr8.pfb><C:/Users/Bayu/AppData/Local/Programs/MiKTeX 2.9/fon
ts/type1/public/amsfonts/cm/cmssbx10.pfb><C:/Users/Bayu/AppData/Local/Programs/
MiKTeX 2.9/fonts/type1/public/amsfonts/cm/cmsy10.pfb><C:/Users/Bayu/AppData/Loc
al/Programs/MiKTeX 2.9/fonts/type1/public/amsfonts/cm/cmsy8.pfb><C:/Users/Bayu/
AppData/Local/Programs/MiKTeX 2.9/fonts/type1/public/amsfonts/cm/cmti10.pfb><C:
/Users/Bayu/AppData/Local/Programs/MiKTeX 2.9/fonts/type1/public/amsfonts/cm/cm
tt10.pfb><C:/Users/Bayu/AppData/Local/Programs/MiKTeX 2.9/fonts/type1/public/am
sfonts/symbols/msbm10.pfb>
Output written on tm_report.pdf (12 pages, 253788 bytes).
PDF statistics:
 310 PDF objects out of 1000 (max. 8388607)
 65 named destinations out of 1000 (max. 500000)
 118 words of extra memory for PDF output out of 10000 (max. 10000000)

